<?xml version="1.0" encoding="UTF-8"?>
<!-- Generated by org.testng.reporters.JUnitXMLReporter -->
<testsuite hostname="laptop" ignored="0" name="testngTest" tests="3" failures="0" timestamp="28 May 2021 08:39:28 GMT" time="13.657" errors="0">
  <testcase name="@BeforeMethod setuo" time="13.568" classname="com.qa.tests.googlesearchTest">
    <failure type="java.lang.NullPointerException" message="null value in entry: url=null">
      <![CDATA[java.lang.NullPointerException: null value in entry: url=null
at com.google.common.collect.CollectPreconditions.checkEntryNotNull(CollectPreconditions.java:32)
at com.google.common.collect.SingletonImmutableBiMap.<init>(SingletonImmutableBiMap.java:42)
at com.google.common.collect.ImmutableBiMap.of(ImmutableBiMap.java:72)
at com.google.common.collect.ImmutableMap.of(ImmutableMap.java:124)
at org.openqa.selenium.remote.RemoteWebDriver.get(RemoteWebDriver.java:277)
at com.qa.tests.googlesearchTest.setuo(googlesearchTest.java:28)
... Removed 28 stack frames]]>
    </failure>
  </testcase> <!-- @BeforeMethod setuo -->
  <testcase name="@AfterMethod end" time="0.0" classname="com.qa.tests.googlesearchTest">
    <skipped/>
  </testcase> <!-- @AfterMethod end -->
  <testcase name="@BeforeMethod setuo" time="0.0" classname="com.qa.tests.googlesearchTest">
    <skipped/>
  </testcase> <!-- @BeforeMethod setuo -->
  <testcase name="@AfterMethod end" time="0.0" classname="com.qa.tests.googlesearchTest">
    <skipped/>
  </testcase> <!-- @AfterMethod end -->
  <testcase name="@BeforeMethod setuo" time="0.0" classname="com.qa.tests.googlesearchTest">
    <skipped/>
  </testcase> <!-- @BeforeMethod setuo -->
  <testcase name="@AfterMethod end" time="0.0" classname="com.qa.tests.googlesearchTest">
    <skipped/>
  </testcase> <!-- @AfterMethod end -->
  <testcase name="t1" time="0.0" classname="com.qa.tests.googlesearchTest">
    <skipped/>
  </testcase> <!-- t1 -->
  <testcase name="t2" time="0.0" classname="com.qa.tests.googlesearchTest">
    <skipped/>
  </testcase> <!-- t2 -->
  <testcase name="t2" time="0.0" classname="com.qa.tests.googlesearchTest">
    <skipped/>
  </testcase> <!-- t2 -->
</testsuite> <!-- testngTest -->
